[debug] [2017-08-22T06:54:18.906Z] ----------------------------------------------------------------------
[debug] [2017-08-22T06:54:18.909Z] Command:       /usr/local/bin/node /usr/local/bin/firebase serve
[debug] [2017-08-22T06:54:18.909Z] CLI Version:   3.9.2
[debug] [2017-08-22T06:54:18.909Z] Platform:      darwin
[debug] [2017-08-22T06:54:18.909Z] Node Version:  v8.2.1
[debug] [2017-08-22T06:54:18.910Z] Time:          Tue Aug 22 2017 15:54:18 GMT+0900 (KST)
[debug] [2017-08-22T06:54:18.910Z] ----------------------------------------------------------------------
[debug] 
[debug] [2017-08-22T06:54:18.920Z] > command requires scopes: ["email","openid","https://www.googleapis.com/auth/cloudplatformprojects.readonly","https://www.googleapis.com/auth/firebase","https://www.googleapis.com/auth/cloud-platform"]
[debug] [2017-08-22T06:54:18.920Z] > authorizing via signed-in user
[debug] [2017-08-22T06:54:18.922Z] > refreshing access token with scopes: ["email","https://www.googleapis.com/auth/cloud-platform","https://www.googleapis.com/auth/cloudplatformprojects.readonly","https://www.googleapis.com/auth/firebase","openid"]
[debug] [2017-08-22T06:54:18.922Z] >>> HTTP REQUEST POST https://www.googleapis.com/oauth2/v3/token { refresh_token: '1/97gCHYgg1LQPJV9RIn2MFw7DwGjV3HUW7AWjQShoCqQ',
  client_id: '563584335869-fgrhgmd47bqnekij5i8b5pr03ho849e6.apps.googleusercontent.com',
  client_secret: 'j9iVZfS8kkCEFUPaAeJV0sAi',
  grant_type: 'refresh_token',
  scope: 'email https://www.googleapis.com/auth/cloud-platform https://www.googleapis.com/auth/cloudplatformprojects.readonly https://www.googleapis.com/auth/firebase openid' } 
 Tue Aug 22 2017 15:54:18 GMT+0900 (KST)
[debug] [2017-08-22T06:54:21.160Z] <<< HTTP RESPONSE 200
[debug] [2017-08-22T06:54:21.180Z] >>> HTTP REQUEST GET https://admin.firebase.com/v1/projects/searcl-ce85f  
 Tue Aug 22 2017 15:54:21 GMT+0900 (KST)
[debug] [2017-08-22T06:54:22.026Z] <<< HTTP RESPONSE 200
[debug] [2017-08-22T06:54:22.027Z] >>> HTTP REQUEST GET https://admin.firebase.com/v1/database/searcl-ce85f/tokens  
 Tue Aug 22 2017 15:54:22 GMT+0900 (KST)
[debug] [2017-08-22T06:54:22.700Z] <<< HTTP RESPONSE 200
[info] 
[info] === Serving from '/Users/cloudy/Desktop/dev/firebase/public'...
[info] 
[debug] [2017-08-22T06:54:22.703Z] >>> HTTP REQUEST GET https://cloudresourcemanager.googleapis.com/v1/projects/searcl-ce85f  
 Tue Aug 22 2017 15:54:22 GMT+0900 (KST)
[debug] [2017-08-22T06:54:23.793Z] <<< HTTP RESPONSE 200
[debug] [2017-08-22T06:54:23.794Z] >>> HTTP REQUEST GET https://mobilesdk-pa.googleapis.com/v1/projects/792236016004/clients/_:getWebAppConfig  
 Tue Aug 22 2017 15:54:23 GMT+0900 (KST)
[debug] [2017-08-22T06:54:24.609Z] <<< HTTP RESPONSE 200
[debug] [2017-08-22T06:54:24.623Z] TypeError: Cannot read property 'public' of undefined
    at Server.<anonymous> (/usr/local/lib/node_modules/firebase-tools/lib/serve/hosting.js:34:17)
    at Object.onceWrapper (events.js:314:30)
    at emitNone (events.js:105:13)
    at Server.emit (events.js:207:7)
    at emitListeningNT (net.js:1346:10)
    at _combinedTickCallback (internal/process/next_tick.js:135:11)
    at process._tickCallback (internal/process/next_tick.js:180:9)
[error] 
[error] Error: An unexpected error has occurred.
[debug] [2017-08-22T06:54:55.262Z] ----------------------------------------------------------------------
[debug] [2017-08-22T06:54:55.266Z] Command:       /usr/local/bin/node /usr/local/bin/firebase serve
[debug] [2017-08-22T06:54:55.266Z] CLI Version:   3.9.2
[debug] [2017-08-22T06:54:55.266Z] Platform:      darwin
[debug] [2017-08-22T06:54:55.266Z] Node Version:  v8.2.1
[debug] [2017-08-22T06:54:55.267Z] Time:          Tue Aug 22 2017 15:54:55 GMT+0900 (KST)
[debug] [2017-08-22T06:54:55.267Z] ----------------------------------------------------------------------
[debug] 
[debug] [2017-08-22T06:54:55.281Z] > command requires scopes: ["email","openid","https://www.googleapis.com/auth/cloudplatformprojects.readonly","https://www.googleapis.com/auth/firebase","https://www.googleapis.com/auth/cloud-platform"]
[debug] [2017-08-22T06:54:55.281Z] > authorizing via signed-in user
[debug] [2017-08-22T06:54:55.285Z] >>> HTTP REQUEST GET https://admin.firebase.com/v1/projects/searcl-ce85f  
 Tue Aug 22 2017 15:54:55 GMT+0900 (KST)
[debug] [2017-08-22T06:54:57.234Z] <<< HTTP RESPONSE 200
[debug] [2017-08-22T06:54:57.235Z] >>> HTTP REQUEST GET https://admin.firebase.com/v1/database/searcl-ce85f/tokens  
 Tue Aug 22 2017 15:54:57 GMT+0900 (KST)
[debug] [2017-08-22T06:54:59.407Z] <<< HTTP RESPONSE 200
[info] 
[info] === Serving from '/Users/cloudy/Desktop/dev/firebase'...
[info] 
[debug] [2017-08-22T06:54:59.410Z] >>> HTTP REQUEST GET https://cloudresourcemanager.googleapis.com/v1/projects/searcl-ce85f  
 Tue Aug 22 2017 15:54:59 GMT+0900 (KST)
[debug] [2017-08-22T06:55:00.311Z] <<< HTTP RESPONSE 200
[debug] [2017-08-22T06:55:00.312Z] >>> HTTP REQUEST GET https://mobilesdk-pa.googleapis.com/v1/projects/792236016004/clients/_:getWebAppConfig  
 Tue Aug 22 2017 15:55:00 GMT+0900 (KST)
[debug] [2017-08-22T06:55:01.227Z] <<< HTTP RESPONSE 200
[debug] [2017-08-22T06:55:01.241Z] TypeError: Cannot read property 'public' of undefined
    at Server.<anonymous> (/usr/local/lib/node_modules/firebase-tools/lib/serve/hosting.js:34:17)
    at Object.onceWrapper (events.js:314:30)
    at emitNone (events.js:105:13)
    at Server.emit (events.js:207:7)
    at emitListeningNT (net.js:1346:10)
    at _combinedTickCallback (internal/process/next_tick.js:135:11)
    at process._tickCallback (internal/process/next_tick.js:180:9)
[error] 
[error] Error: An unexpected error has occurred.
[debug] [2017-08-22T06:58:57.620Z] ----------------------------------------------------------------------
[debug] [2017-08-22T06:58:57.623Z] Command:       /usr/local/bin/node /usr/local/bin/firebase serve
[debug] [2017-08-22T06:58:57.623Z] CLI Version:   3.9.2
[debug] [2017-08-22T06:58:57.623Z] Platform:      darwin
[debug] [2017-08-22T06:58:57.623Z] Node Version:  v8.2.1
[debug] [2017-08-22T06:58:57.624Z] Time:          Tue Aug 22 2017 15:58:57 GMT+0900 (KST)
[debug] [2017-08-22T06:58:57.624Z] ----------------------------------------------------------------------
[debug] 
[debug] [2017-08-22T06:58:57.635Z] > command requires scopes: ["email","openid","https://www.googleapis.com/auth/cloudplatformprojects.readonly","https://www.googleapis.com/auth/firebase","https://www.googleapis.com/auth/cloud-platform"]
[debug] [2017-08-22T06:58:57.636Z] > authorizing via signed-in user
[debug] [2017-08-22T06:58:57.637Z] >>> HTTP REQUEST GET https://admin.firebase.com/v1/projects/searcl-ce85f  
 Tue Aug 22 2017 15:58:57 GMT+0900 (KST)
[debug] [2017-08-22T06:58:58.563Z] <<< HTTP RESPONSE 200
[debug] [2017-08-22T06:58:58.564Z] >>> HTTP REQUEST GET https://admin.firebase.com/v1/database/searcl-ce85f/tokens  
 Tue Aug 22 2017 15:58:58 GMT+0900 (KST)
[debug] [2017-08-22T06:58:59.273Z] <<< HTTP RESPONSE 200
[info] 
[info] === Serving from '/Users/cloudy/Desktop/dev/firebase'...
[info] 
[debug] [2017-08-22T06:58:59.275Z] >>> HTTP REQUEST GET https://cloudresourcemanager.googleapis.com/v1/projects/searcl-ce85f  
 Tue Aug 22 2017 15:58:59 GMT+0900 (KST)
[debug] [2017-08-22T06:59:00.432Z] <<< HTTP RESPONSE 200
[debug] [2017-08-22T06:59:00.433Z] >>> HTTP REQUEST GET https://mobilesdk-pa.googleapis.com/v1/projects/792236016004/clients/_:getWebAppConfig  
 Tue Aug 22 2017 15:59:00 GMT+0900 (KST)
[debug] [2017-08-22T06:59:03.955Z] <<< HTTP RESPONSE 200
[info] i  hosting: Serving hosting files from: app
[info] ✔  hosting: Local server: http://localhost:5000

[debug] [2017-08-22T07:00:00.038Z] ----------------------------------------------------------------------
[debug] [2017-08-22T07:00:00.040Z] Command:       /usr/local/bin/node /usr/local/bin/firebase serve
[debug] [2017-08-22T07:00:00.040Z] CLI Version:   3.9.2
[debug] [2017-08-22T07:00:00.040Z] Platform:      darwin
[debug] [2017-08-22T07:00:00.040Z] Node Version:  v8.2.1
[debug] [2017-08-22T07:00:00.041Z] Time:          Tue Aug 22 2017 16:00:00 GMT+0900 (KST)
[debug] [2017-08-22T07:00:00.041Z] ----------------------------------------------------------------------
[debug] 
[debug] [2017-08-22T07:00:00.051Z] > command requires scopes: ["email","openid","https://www.googleapis.com/auth/cloudplatformprojects.readonly","https://www.googleapis.com/auth/firebase","https://www.googleapis.com/auth/cloud-platform"]
[debug] [2017-08-22T07:00:00.051Z] > authorizing via signed-in user
[debug] [2017-08-22T07:00:00.053Z] >>> HTTP REQUEST GET https://admin.firebase.com/v1/projects/searcl-ce85f  
 Tue Aug 22 2017 16:00:00 GMT+0900 (KST)
[debug] [2017-08-22T07:00:00.847Z] <<< HTTP RESPONSE 200
[debug] [2017-08-22T07:00:00.848Z] >>> HTTP REQUEST GET https://admin.firebase.com/v1/database/searcl-ce85f/tokens  
 Tue Aug 22 2017 16:00:00 GMT+0900 (KST)
[debug] [2017-08-22T07:00:01.709Z] <<< HTTP RESPONSE 200
[info] 
[info] === Serving from '/Users/cloudy/Desktop/dev/firebase'...
[info] 
[debug] [2017-08-22T07:00:01.711Z] >>> HTTP REQUEST GET https://cloudresourcemanager.googleapis.com/v1/projects/searcl-ce85f  
 Tue Aug 22 2017 16:00:01 GMT+0900 (KST)
[debug] [2017-08-22T07:00:02.640Z] <<< HTTP RESPONSE 200
[debug] [2017-08-22T07:00:02.640Z] >>> HTTP REQUEST GET https://mobilesdk-pa.googleapis.com/v1/projects/792236016004/clients/_:getWebAppConfig  
 Tue Aug 22 2017 16:00:02 GMT+0900 (KST)
[debug] [2017-08-22T07:00:03.497Z] <<< HTTP RESPONSE 200
[info] i  hosting: Serving hosting files from: public
[info] ✔  hosting: Local server: http://localhost:5000

